\BOOKMARK [1][-]{section.1}{Introduction}{}% 1
\BOOKMARK [1][-]{section.2}{Trend Analysis}{}% 2
\BOOKMARK [2][-]{subsection.2.1}{Miss Rate and Cache Size Analysis}{section.2}% 3
\BOOKMARK [2][-]{subsection.2.2}{Miss Rate and Cache Associativity Analysis}{section.2}% 4
\BOOKMARK [2][-]{subsection.2.3}{CPI and Cache Size Analysis}{section.2}% 5
\BOOKMARK [2][-]{subsection.2.4}{CPI and Cache Associativity Analysis}{section.2}% 6
\BOOKMARK [2][-]{subsection.2.5}{CPI and Costs Analysis}{section.2}% 7
\BOOKMARK [1][-]{section.3}{Main Memory System Analysis}{}% 8
\BOOKMARK [1][-]{section.4}{Conclusion}{}% 9
\BOOKMARK [1][-]{appendix.A}{Simulation Results}{}% 10
\BOOKMARK [2][-]{subsection.A.1}{Organization}{appendix.A}% 11
\BOOKMARK [2][-]{subsection.A.2}{Results for astar trace}{appendix.A}% 12
\BOOKMARK [2][-]{subsection.A.3}{Results for bzip2 trace}{appendix.A}% 13
\BOOKMARK [2][-]{subsection.A.4}{Results for gobmk trace}{appendix.A}% 14
\BOOKMARK [2][-]{subsection.A.5}{Results for libquantum trace}{appendix.A}% 15
\BOOKMARK [2][-]{subsection.A.6}{Results for omnetpp trace}{appendix.A}% 16
\BOOKMARK [2][-]{subsection.A.7}{Results for sjeng trace}{appendix.A}% 17
\BOOKMARK [1][-]{appendix.B}{Source Code}{}% 18
\BOOKMARK [2][-]{subsection.B.1}{Notes on source code}{appendix.B}% 19
\BOOKMARK [2][-]{subsection.B.2}{Organization}{appendix.B}% 20
\BOOKMARK [2][-]{subsection.B.3}{Header Files}{appendix.B}% 21
\BOOKMARK [2][-]{subsection.B.4}{Source Files}{appendix.B}% 22
